#
# A fatal error has been detected by the Java Runtime Environment:
#
#  SIGFPE (0x8) at pc=0x00007fff7692b20a, pid=12521, tid=0x0000000000000307
#
# JRE version: Java(TM) SE Runtime Environment (8.0_201-b09) (build 1.8.0_201-b09)
# Java VM: Java HotSpot(TM) 64-Bit Server VM (25.201-b09 mixed mode bsd-amd64 compressed oops)
# Problematic frame:
# C  [libsystem_kernel.dylib+0x1320a]  mach_msg_trap+0xa
#
# Failed to write core dump. Core dumps have been disabled. To enable core dumping, try "ulimit -c unlimited" before starting Java again
#
# If you would like to submit a bug report, please visit:
#   http://bugreport.java.com/bugreport/crash.jsp
#

---------------  T H R E A D  ---------------

Current thread is native thread

siginfo: si_signo: 8 (SIGFPE), si_code: 0 (unknown), si_addr: 0x00007fff7692b20a

Registers:
RAX=0x0000000010004005, RBX=0x0000000007000806, RCX=0x00007ffee9657a88, RDX=0x0000000000000000
RSP=0x00007ffee9657a88, RBP=0x00007ffee9657ae0, RSI=0x0000000007000806, RDI=0x00007ffee9657c40
R8 =0x0000000000001203, R9 =0x00000000ffffffff, R10=0x0000000000000c00, R11=0x0000000000000246
R12=0x0000000000000c00, R13=0x00000000ffffffff, R14=0x00007ffee9657c40, R15=0x0000000000001203
RIP=0x00007fff7692b20a, EFLAGS=0x0000000000000246, ERR=0x000000000100001f
  TRAPNO=0x0000000000000085

Top of Stack: (sp=0x00007ffee9657a88)
0x00007ffee9657a88:   00007fff7692a7b9 0000000000000000
0x00007ffee9657a98:   00000000ffffffff 00007ffee9657ae0
0x00007ffee9657aa8:   000000007693063c 0000120300000000
0x00007ffee9657ab8:   00007f9a9940efd0 00007ffee9657c40
0x00007ffee9657ac8:   00007f9a9940ee70 0000000000001203
0x00007ffee9657ad8:   00000000ffffffff 00007ffee9657b70
0x00007ffee9657ae8:   00007fff4e4e37d5 00007ffe00000000
0x00007ffee9657af8:   00007ffee9657b70 00007ffee9657bd8
0x00007ffee9657b08:   00000000ffffffff 0000000000001203
0x00007ffee9657b18:   00007ffee9657c10 00007ffee9657c2c
0x00007ffee9657b28:   07000806768436c3 00007ffee9657be0
0x00007ffee9657b38:   00000000ffffff01 ffffffff00001203
0x00007ffee9657b48:   00007f9a9940efd0 00007f9a9940ee78
0x00007ffee9657b58:   00000000ffffffff 0000000000001203
0x00007ffee9657b68:   00007f9a9940ee70 00007ffee9658870
0x00007ffee9657b78:   00007fff4e4e2b27 00007f9a9940ee70
0x00007ffee9657b88:   00007f9a9940efd0 00007fff4c70ce91
0x00007ffee9657b98:   0000000000000b03 0000000000000f03
0x00007ffee9657ba8:   00007f9a9940f250 00007fffa86f0af0
0x00007ffee9657bb8:   00007fff4c70fd1d 00007fff4c717709
0x00007ffee9657bc8:   00007fff4c70ce37 00007ffee9657c70
0x00007ffee9657bd8:   ffffffffffffffff 0000000000000000
0x00007ffee9657be8:   00007f9a9940f260 00000000000000d4
0x00007ffee9657bf8:   00007f9a9940efe0 00007f9a9940ee80
0x00007ffee9657c08:   0000000000000000 00007ffee9657c40
0x00007ffee9657c18:   0000000000000b03 41c124859bf98b37
0x00007ffee9657c28:   000000000a08fa2b 00007f9a9d05f000
0x00007ffee9657c38:   00007fff00000f03 00000c0000000000
0x00007ffee9657c48:   0000120300000000 0000000000000000
0x00007ffee9657c58:   0000004400000000 000001f500000051
0x00007ffee9657c68:   000001f500000014 00000014000001f5
0x00007ffee9657c78:   00000014000001f5 000186a8000030e9 

Instructions: (pc=0x00007fff7692b20a)
0x00007fff7692b1ea:   ca b8 1c 00 00 01 0f 05 c3 90 49 89 ca b8 1d 00
0x00007fff7692b1fa:   00 01 0f 05 c3 90 49 89 ca b8 1f 00 00 01 0f 05
0x00007fff7692b20a:   c3 90 49 89 ca b8 20 00 00 01 0f 05 c3 90 49 89
0x00007fff7692b21a:   ca b8 21 00 00 01 0f 05 c3 90 49 89 ca b8 22 00 

Register to memory mapping:

RAX=0x0000000010004005 is an unknown value
RBX=0x0000000007000806 is an unknown value
RCX=0x00007ffee9657a88 is an unknown value
RDX=0x0000000000000000 is an unknown value
RSP=0x00007ffee9657a88 is an unknown value
RBP=0x00007ffee9657ae0 is an unknown value
RSI=0x0000000007000806 is an unknown value
RDI=0x00007ffee9657c40 is an unknown value
R8 =0x0000000000001203 is an unknown value
R9 =0x00000000ffffffff is an unknown value
R10=0x0000000000000c00 is an unknown value
R11=0x0000000000000246 is an unknown value
R12=0x0000000000000c00 is an unknown value
R13=0x00000000ffffffff is an unknown value
R14=0x00007ffee9657c40 is an unknown value
R15=0x0000000000001203 is an unknown value


Stack: [0x00007ffee8e5d000,0x00007ffee965d000],  sp=0x00007ffee9657a88,  free space=8170k
Native frames: (J=compiled Java code, j=interpreted, Vv=VM code, C=native code)
C  [libsystem_kernel.dylib+0x1320a]  mach_msg_trap+0xa
C  [CoreFoundation+0x867d5]  __CFRunLoopServiceMachPort+0x155
C  [CoreFoundation+0x85b27]  __CFRunLoopRun+0x6f7
C  [CoreFoundation+0x851a3]  CFRunLoopRunSpecific+0x1e3
C  [java+0x646e]  CreateExecutionEnvironment+0x367
C  [java+0x203c]  JLI_Launch+0x7a0
C  [java+0x84cb]  main+0x65
C  [java+0x1894]  start+0x34


---------------  P R O C E S S  ---------------

VM state:not at safepoint (normal execution)

VM Mutex/Monitor currently owned by a thread: None

heap address: 0x00000006c0000000, size: 4096 MB, Compressed Oops mode: Zero based, Oop shift amount: 3
Narrow klass base: 0x0000000000000000, Narrow klass shift: 3
Compressed class space size: 1073741824 Address: 0x00000007c0000000

Heap:
 PSYoungGen      total 193024K, used 181690K [0x000000076ab00000, 0x000000077d680000, 0x00000007c0000000)
  eden space 178688K, 93% used [0x000000076ab00000,0x0000000774e766d0,0x0000000775980000)
  from space 14336K, 99% used [0x0000000775980000,0x0000000776778350,0x0000000776780000)
  to   space 16384K, 0% used [0x000000077c680000,0x000000077c680000,0x000000077d680000)
 ParOldGen       total 141312K, used 18127K [0x00000006c0000000, 0x00000006c8a00000, 0x000000076ab00000)
  object space 141312K, 12% used [0x00000006c0000000,0x00000006c11b3f30,0x00000006c8a00000)
 Metaspace       used 45745K, capacity 47558K, committed 47912K, reserved 1091584K
  class space    used 6015K, capacity 6370K, committed 6440K, reserved 1048576K

Card table byte_map: [0x0000000108a9f000,0x00000001092a0000] byte_map_base: 0x000000010549f000

Marking Bits: (ParMarkBitMap*) 0x0000000107efbe40
 Begin Bits: [0x000000011911b000, 0x000000011d11b000)
 End Bits:   [0x000000011d11b000, 0x000000012111b000)

Polling page: 0x00000001065f2000

CodeCache: size=245760Kb used=10691Kb max_used=10691Kb free=235068Kb
 bounds [0x000000010a11b000, 0x000000010ab9b000, 0x000000011911b000]
 total_blobs=5736 nmethods=5190 adapters=466
 compilation: enabled

Compilation events (10 events):
Event: 18423.295 Thread 0x00007f9a9c229800 5287       1       com.mysql.cj.protocol.a.result.ResultsetRowsStatic::size (10 bytes)
Event: 18423.295 Thread 0x00007f9a9c229800 nmethod 5287 0x000000010ab8ce50 code [0x000000010ab8cfc0, 0x000000010ab8d108]
Event: 18423.304 Thread 0x00007f9a9c229800 5290       1       java.util.ArrayList$ArrayListSpliterator::forEachRemaining (129 bytes)
Event: 18423.305 Thread 0x00007f9a9c229800 nmethod 5290 0x000000010ab8d190 code [0x000000010ab8d340, 0x000000010ab8d688]
Event: 18423.313 Thread 0x00007f9a9c229800 5291       1       com.mysql.cj.conf.ModifiableIntegerProperty::setValue (152 bytes)
Event: 18423.319 Thread 0x00007f9a9c229800 nmethod 5291 0x000000010ab8d950 code [0x000000010ab8dbc0, 0x000000010ab8e438]
Event: 18423.321 Thread 0x00007f9a9c229800 5292       1       com.mysql.cj.conf.IntegerPropertyDefinition::isRangeBased (17 bytes)
Event: 18423.322 Thread 0x00007f9a9c229800 nmethod 5292 0x000000010ab8ecd0 code [0x000000010ab8ee20, 0x000000010ab8ef50]
Event: 18423.332 Thread 0x00007f9a9c229800 5293       1       java.util.concurrent.ThreadPoolExecutor::isShutdown (19 bytes)
Event: 18423.332 Thread 0x00007f9a9c229800 nmethod 5293 0x000000010ab8efd0 code [0x000000010ab8f120, 0x000000010ab8f270]

GC Heap History (10 events):
Event: 1.672 GC heap before
{Heap before GC invocations=5 (full 1):
 PSYoungGen      total 76288K, used 65536K [0x000000076ab00000, 0x0000000774000000, 0x00000007c0000000)
  eden space 65536K, 100% used [0x000000076ab00000,0x000000076eb00000,0x000000076eb00000)
  from space 10752K, 0% used [0x000000076eb00000,0x000000076eb00000,0x000000076f580000)
  to   space 10752K, 0% used [0x0000000773580000,0x0000000773580000,0x0000000774000000)
 ParOldGen       total 95232K, used 8558K [0x00000006c0000000, 0x00000006c5d00000, 0x000000076ab00000)
  object space 95232K, 8% used [0x00000006c0000000,0x00000006c085bb00,0x00000006c5d00000)
 Metaspace       used 25113K, capacity 25828K, committed 26112K, reserved 1071104K
  class space    used 3270K, capacity 3460K, committed 3584K, reserved 1048576K
Event: 1.678 GC heap after
Heap after GC invocations=5 (full 1):
 PSYoungGen      total 116736K, used 6798K [0x000000076ab00000, 0x0000000773c80000, 0x00000007c0000000)
  eden space 109568K, 0% used [0x000000076ab00000,0x000000076ab00000,0x0000000771600000)
  from space 7168K, 94% used [0x0000000773580000,0x0000000773c23b18,0x0000000773c80000)
  to   space 10752K, 0% used [0x0000000772780000,0x0000000772780000,0x0000000773200000)
 ParOldGen       total 95232K, used 8566K [0x00000006c0000000, 0x00000006c5d00000, 0x000000076ab00000)
  object space 95232K, 8% used [0x00000006c0000000,0x00000006c085db00,0x00000006c5d00000)
 Metaspace       used 25113K, capacity 25828K, committed 26112K, reserved 1071104K
  class space    used 3270K, capacity 3460K, committed 3584K, reserved 1048576K
}
Event: 2.470 GC heap before
{Heap before GC invocations=6 (full 1):
 PSYoungGen      total 116736K, used 116366K [0x000000076ab00000, 0x0000000773c80000, 0x00000007c0000000)
  eden space 109568K, 100% used [0x000000076ab00000,0x0000000771600000,0x0000000771600000)
  from space 7168K, 94% used [0x0000000773580000,0x0000000773c23b18,0x0000000773c80000)
  to   space 10752K, 0% used [0x0000000772780000,0x0000000772780000,0x0000000773200000)
 ParOldGen       total 95232K, used 8566K [0x00000006c0000000, 0x00000006c5d00000, 0x000000076ab00000)
  object space 95232K, 8% used [0x00000006c0000000,0x00000006c085db00,0x00000006c5d00000)
 Metaspace       used 31365K, capacity 32420K, committed 32512K, reserved 1077248K
  class space    used 4126K, capacity 4350K, committed 4352K, reserved 1048576K
Event: 2.483 GC heap after
Heap after GC invocations=6 (full 1):
 PSYoungGen      total 138240K, used 10751K [0x000000076ab00000, 0x0000000777580000, 0x00000007c0000000)
  eden space 127488K, 0% used [0x000000076ab00000,0x000000076ab00000,0x0000000772780000)
  from space 10752K, 99% used [0x0000000772780000,0x00000007731ffff8,0x0000000773200000)
  to   space 14336K, 0% used [0x0000000776780000,0x0000000776780000,0x0000000777580000)
 ParOldGen       total 95232K, used 11090K [0x00000006c0000000, 0x00000006c5d00000, 0x000000076ab00000)
  object space 95232K, 11% used [0x00000006c0000000,0x00000006c0ad48b8,0x00000006c5d00000)
 Metaspace       used 31365K, capacity 32420K, committed 32512K, reserved 1077248K
  class space    used 4126K, capacity 4350K, committed 4352K, reserved 1048576K
}
Event: 2.648 GC heap before
{Heap before GC invocations=7 (full 1):
 PSYoungGen      total 138240K, used 37767K [0x000000076ab00000, 0x0000000777580000, 0x00000007c0000000)
  eden space 127488K, 21% used [0x000000076ab00000,0x000000076c561e18,0x0000000772780000)
  from space 10752K, 99% used [0x0000000772780000,0x00000007731ffff8,0x0000000773200000)
  to   space 14336K, 0% used [0x0000000776780000,0x0000000776780000,0x0000000777580000)
 ParOldGen       total 95232K, used 11090K [0x00000006c0000000, 0x00000006c5d00000, 0x000000076ab00000)
  object space 95232K, 11% used [0x00000006c0000000,0x00000006c0ad48b8,0x00000006c5d00000)
 Metaspace       used 34345K, capacity 35430K, committed 35496K, reserved 1079296K
  class space    used 4503K, capacity 4755K, committed 4776K, reserved 1048576K
Event: 2.656 GC heap after
Heap after GC invocations=7 (full 1):
 PSYoungGen      total 193024K, used 10209K [0x000000076ab00000, 0x0000000779300000, 0x00000007c0000000)
  eden space 178688K, 0% used [0x000000076ab00000,0x000000076ab00000,0x0000000775980000)
  from space 14336K, 71% used [0x0000000776780000,0x0000000777178430,0x0000000777580000)
  to   space 14336K, 0% used [0x0000000775980000,0x0000000775980000,0x0000000776780000)
 ParOldGen       total 95232K, used 11098K [0x00000006c0000000, 0x00000006c5d00000, 0x000000076ab00000)
  object space 95232K, 11% used [0x00000006c0000000,0x00000006c0ad68b8,0x00000006c5d00000)
 Metaspace       used 34345K, capacity 35430K, committed 35496K, reserved 1079296K
  class space    used 4503K, capacity 4755K, committed 4776K, reserved 1048576K
}
Event: 2.656 GC heap before
{Heap before GC invocations=8 (full 2):
 PSYoungGen      total 193024K, used 10209K [0x000000076ab00000, 0x0000000779300000, 0x00000007c0000000)
  eden space 178688K, 0% used [0x000000076ab00000,0x000000076ab00000,0x0000000775980000)
  from space 14336K, 71% used [0x0000000776780000,0x0000000777178430,0x0000000777580000)
  to   space 14336K, 0% used [0x0000000775980000,0x0000000775980000,0x0000000776780000)
 ParOldGen       total 95232K, used 11098K [0x00000006c0000000, 0x00000006c5d00000, 0x000000076ab00000)
  object space 95232K, 11% used [0x00000006c0000000,0x00000006c0ad68b8,0x00000006c5d00000)
 Metaspace       used 34345K, capacity 35430K, committed 35496K, reserved 1079296K
  class space    used 4503K, capacity 4755K, committed 4776K, reserved 1048576K
Event: 2.699 GC heap after
Heap after GC invocations=8 (full 2):
 PSYoungGen      total 193024K, used 0K [0x000000076ab00000, 0x0000000779300000, 0x00000007c0000000)
  eden space 178688K, 0% used [0x000000076ab00000,0x000000076ab00000,0x0000000775980000)
  from space 14336K, 0% used [0x0000000776780000,0x0000000776780000,0x0000000777580000)
  to   space 14336K, 0% used [0x0000000775980000,0x0000000775980000,0x0000000776780000)
 ParOldGen       total 141312K, used 17677K [0x00000006c0000000, 0x00000006c8a00000, 0x000000076ab00000)
  object space 141312K, 12% used [0x00000006c0000000,0x00000006c11437f8,0x00000006c8a00000)
 Metaspace       used 34345K, capacity 35430K, committed 35496K, reserved 1079296K
  class space    used 4503K, capacity 4755K, committed 4776K, reserved 1048576K
}
Event: 3.879 GC heap before
{Heap before GC invocations=9 (full 2):
 PSYoungGen      total 193024K, used 178688K [0x000000076ab00000, 0x0000000779300000, 0x00000007c0000000)
  eden space 178688K, 100% used [0x000000076ab00000,0x0000000775980000,0x0000000775980000)
  from space 14336K, 0% used [0x0000000776780000,0x0000000776780000,0x0000000777580000)
  to   space 14336K, 0% used [0x0000000775980000,0x0000000775980000,0x0000000776780000)
 ParOldGen       total 141312K, used 17677K [0x00000006c0000000, 0x00000006c8a00000, 0x000000076ab00000)
  object space 141312K, 12% used [0x00000006c0000000,0x00000006c11437f8,0x00000006c8a00000)
 Metaspace       used 41684K, capacity 43366K, committed 43560K, reserved 1087488K
  class space    used 5469K, capacity 5809K, committed 5928K, reserved 1048576K
Event: 3.892 GC heap after
Heap after GC invocations=9 (full 2):
 PSYoungGen      total 193024K, used 14304K [0x000000076ab00000, 0x000000077d680000, 0x00000007c0000000)
  eden space 178688K, 0% used [0x000000076ab00000,0x000000076ab00000,0x0000000775980000)
  from space 14336K, 99% used [0x0000000775980000,0x0000000776778350,0x0000000776780000)
  to   space 16384K, 0% used [0x000000077c680000,0x000000077c680000,0x000000077d680000)
 ParOldGen       total 141312K, used 18127K [0x00000006c0000000, 0x00000006c8a00000, 0x000000076ab00000)
  object space 141312K, 12% used [0x00000006c0000000,0x00000006c11b3f30,0x00000006c8a00000)
 Metaspace       used 41684K, capacity 43366K, committed 43560K, reserved 1087488K
  class space    used 5469K, capacity 5809K, committed 5928K, reserved 1048576K
}

Deoptimization events (0 events):
No events

Classes redefined (0 events):
No events

Internal exceptions (10 events):
Event: 17737.796 Thread 0x00007f9a9b329000 Exception <a 'java/net/ConnectException'> (0x000000077476ffa0) thrown at [/Users/java_re/workspace/8-2-build-macosx-x86_64/jdk8u201/12322/hotspot/src/share/vm/prims/jni.cpp, line 709]
Event: 17747.799 Thread 0x00007f9a9b329000 Exception <a 'java/net/ConnectException'> (0x000000077477aa48) thrown at [/Users/java_re/workspace/8-2-build-macosx-x86_64/jdk8u201/12322/hotspot/src/share/vm/prims/jni.cpp, line 709]
Event: 17747.799 Thread 0x00007f9a9b329000 Exception <a 'java/net/ConnectException'> (0x000000077477b350) thrown at [/Users/java_re/workspace/8-2-build-macosx-x86_64/jdk8u201/12322/hotspot/src/share/vm/prims/jni.cpp, line 709]
Event: 17757.809 Thread 0x00007f9a9b329000 Exception <a 'java/net/ConnectException'> (0x00000007747860a8) thrown at [/Users/java_re/workspace/8-2-build-macosx-x86_64/jdk8u201/12322/hotspot/src/share/vm/prims/jni.cpp, line 709]
Event: 17757.809 Thread 0x00007f9a9b329000 Exception <a 'java/net/ConnectException'> (0x00000007747869b0) thrown at [/Users/java_re/workspace/8-2-build-macosx-x86_64/jdk8u201/12322/hotspot/src/share/vm/prims/jni.cpp, line 709]
Event: 17767.813 Thread 0x00007f9a9b329000 Exception <a 'java/net/ConnectException'> (0x0000000774791520) thrown at [/Users/java_re/workspace/8-2-build-macosx-x86_64/jdk8u201/12322/hotspot/src/share/vm/prims/jni.cpp, line 709]
Event: 17767.813 Thread 0x00007f9a9b329000 Exception <a 'java/net/ConnectException'> (0x0000000774791e28) thrown at [/Users/java_re/workspace/8-2-build-macosx-x86_64/jdk8u201/12322/hotspot/src/share/vm/prims/jni.cpp, line 709]
Event: 18363.114 Thread 0x00007f9a9c493800 Exception <a 'java/io/IOException'> (0x000000076df326f0) thrown at [/Users/java_re/workspace/8-2-build-macosx-x86_64/jdk8u201/12322/hotspot/src/share/vm/prims/jni.cpp, line 709]
Event: 18393.167 Thread 0x00007f9a9c493800 Exception <a 'java/io/IOException'> (0x000000076df34260) thrown at [/Users/java_re/workspace/8-2-build-macosx-x86_64/jdk8u201/12322/hotspot/src/share/vm/prims/jni.cpp, line 709]
Event: 18423.170 Thread 0x00007f9a9c493800 Exception <a 'java/io/IOException'> (0x000000076df35ea0) thrown at [/Users/java_re/workspace/8-2-build-macosx-x86_64/jdk8u201/12322/hotspot/src/share/vm/prims/jni.cpp, line 709]

Events (10 events):
Event: 18423.287 Executing VM operation: RevokeBias
Event: 18423.287 Executing VM operation: RevokeBias done
Event: 18423.287 Executing VM operation: BulkRevokeBias
Event: 18423.288 Executing VM operation: BulkRevokeBias done
Event: 18428.200 Executing VM operation: RevokeBias
Event: 18428.201 Executing VM operation: RevokeBias done
Event: 18428.201 Thread 0x00007f9a9b328800 Thread exited: 0x00007f9a9b328800
Event: 18428.336 Executing VM operation: RevokeBias
Event: 18428.336 Executing VM operation: RevokeBias done
Event: 18428.336 Thread 0x00007f9a99bc6800 Thread exited: 0x00007f9a99bc6800


Dynamic libraries:
0x00007fff4dca8000 	/System/Library/Frameworks/Cocoa.framework/Versions/A/Cocoa
0x00007fff5a27f000 	/System/Library/Frameworks/Security.framework/Versions/A/Security
0x00007fff4c8ec000 	/System/Library/Frameworks/ApplicationServices.framework/Versions/A/ApplicationServices
0x00007fff765cc000 	/usr/lib/libz.1.dylib
0x00007fff74507000 	/usr/lib/libSystem.B.dylib
0x00007fff75bb6000 	/usr/lib/libobjc.A.dylib
0x00007fff4e45d000 	/System/Library/Frameworks/CoreFoundation.framework/Versions/A/CoreFoundation
0x00007fff505b1000 	/System/Library/Frameworks/Foundation.framework/Versions/C/Foundation
0x00007fff4ba3c000 	/System/Library/Frameworks/AppKit.framework/Versions/C/AppKit
0x00007fff4e020000 	/System/Library/Frameworks/CoreData.framework/Versions/A/CoreData
0x00007fff6de6b000 	/System/Library/PrivateFrameworks/RemoteViewServices.framework/Versions/A/RemoteViewServices
0x00007fff725bc000 	/System/Library/PrivateFrameworks/UIFoundation.framework/Versions/A/UIFoundation
0x00007fff62cd1000 	/System/Library/PrivateFrameworks/DFRFoundation.framework/Versions/A/DFRFoundation
0x00007fff52bf5000 	/System/Library/Frameworks/Metal.framework/Versions/A/Metal
0x00007fff62e6e000 	/System/Library/PrivateFrameworks/DesktopServicesPriv.framework/Versions/A/DesktopServicesPriv
0x00007fff7510c000 	/usr/lib/libenergytrace.dylib
0x00007fff70631000 	/System/Library/PrivateFrameworks/SkyLight.framework/Versions/A/SkyLight
0x00007fff4e900000 	/System/Library/Frameworks/CoreGraphics.framework/Versions/A/CoreGraphics
0x00007fff74502000 	/usr/lib/libScreenReader.dylib
0x00007fff4a9d7000 	/System/Library/Frameworks/Accelerate.framework/Versions/A/Accelerate
0x00007fff50d2a000 	/System/Library/Frameworks/IOSurface.framework/Versions/A/IOSurface
0x00007fff4ce36000 	/System/Library/Frameworks/AudioToolbox.framework/Versions/A/AudioToolbox
0x00007fff4d0c5000 	/System/Library/Frameworks/AudioUnit.framework/Versions/A/AudioUnit
0x00007fff62d69000 	/System/Library/PrivateFrameworks/DataDetectorsCore.framework/Versions/A/DataDetectorsCore
0x00007fff4d79b000 	/System/Library/Frameworks/Carbon.framework/Versions/A/Frameworks/HIToolbox.framework/Versions/A/HIToolbox
0x00007fff75266000 	/usr/lib/libicucore.A.dylib
0x00007fff59800000 	/System/Library/Frameworks/QuartzCore.framework/Versions/A/QuartzCore
0x00007fff6f8e8000 	/System/Library/PrivateFrameworks/SignpostNotification.framework/Versions/A/SignpostNotification
0x00007fff4db81000 	/System/Library/Frameworks/Carbon.framework/Versions/A/Frameworks/SpeechRecognition.framework/Versions/A/SpeechRecognition
0x00007fff74663000 	/usr/lib/libauto.dylib
0x00007fff764bb000 	/usr/lib/libxml2.2.dylib
0x00007fff62924000 	/System/Library/PrivateFrameworks/CoreUI.framework/Versions/A/CoreUI
0x00007fff4defc000 	/System/Library/Frameworks/CoreAudio.framework/Versions/A/CoreAudio
0x00007fff503eb000 	/System/Library/Frameworks/DiskArbitration.framework/Versions/A/DiskArbitration
0x00007fff754da000 	/usr/lib/liblangid.dylib
0x00007fff6a37b000 	/System/Library/PrivateFrameworks/MultitouchSupport.framework/Versions/A/MultitouchSupport
0x00007fff50c8d000 	/System/Library/Frameworks/IOKit.framework/Versions/A/IOKit
0x00007fff74191000 	/usr/lib/libDiagnosticMessagesClient.dylib
0x00007fff4f5c9000 	/System/Library/Frameworks/CoreServices.framework/Versions/A/CoreServices
0x00007fff6bea9000 	/System/Library/PrivateFrameworks/PerformanceAnalysis.framework/Versions/A/PerformanceAnalysis
0x00007fff589a2000 	/System/Library/Frameworks/OpenGL.framework/Versions/A/OpenGL
0x00007fff4dcb6000 	/System/Library/Frameworks/ColorSync.framework/Versions/A/ColorSync
0x00007fff4ef12000 	/System/Library/Frameworks/CoreImage.framework/Versions/A/CoreImage
0x00007fff4ff59000 	/System/Library/Frameworks/CoreText.framework/Versions/A/CoreText
0x00007fff50d88000 	/System/Library/Frameworks/ImageIO.framework/Versions/A/ImageIO
0x00007fff5f06c000 	/System/Library/PrivateFrameworks/Backup.framework/Versions/A/Backup
0x00007fff745b3000 	/usr/lib/libarchive.2.dylib
0x00007fff4d3e7000 	/System/Library/Frameworks/CFNetwork.framework/Versions/A/CFNetwork
0x00007fff5aa0f000 	/System/Library/Frameworks/SystemConfiguration.framework/Versions/A/SystemConfiguration
0x00007fff740ba000 	/usr/lib/libCRFSuite.dylib
0x00007fff7473c000 	/usr/lib/libc++.1.dylib
0x00007fff74793000 	/usr/lib/libc++abi.dylib
0x00007fff7667a000 	/usr/lib/system/libcache.dylib
0x00007fff7667f000 	/usr/lib/system/libcommonCrypto.dylib
0x00007fff7668a000 	/usr/lib/system/libcompiler_rt.dylib
0x00007fff76692000 	/usr/lib/system/libcopyfile.dylib
0x00007fff7669c000 	/usr/lib/system/libcorecrypto.dylib
0x00007fff767a9000 	/usr/lib/system/libdispatch.dylib
0x00007fff767e3000 	/usr/lib/system/libdyld.dylib
0x00007fff76801000 	/usr/lib/system/libkeymgr.dylib
0x00007fff7680f000 	/usr/lib/system/liblaunch.dylib
0x00007fff76810000 	/usr/lib/system/libmacho.dylib
0x00007fff76815000 	/usr/lib/system/libquarantine.dylib
0x00007fff76818000 	/usr/lib/system/libremovefile.dylib
0x00007fff7681a000 	/usr/lib/system/libsystem_asl.dylib
0x00007fff76832000 	/usr/lib/system/libsystem_blocks.dylib
0x00007fff76833000 	/usr/lib/system/libsystem_c.dylib
0x00007fff768bd000 	/usr/lib/system/libsystem_configuration.dylib
0x00007fff768c1000 	/usr/lib/system/libsystem_coreservices.dylib
0x00007fff768c5000 	/usr/lib/system/libsystem_darwin.dylib
0x00007fff768c7000 	/usr/lib/system/libsystem_dnssd.dylib
0x00007fff768ce000 	/usr/lib/system/libsystem_info.dylib
0x00007fff7693f000 	/usr/lib/system/libsystem_m.dylib
0x00007fff7698b000 	/usr/lib/system/libsystem_malloc.dylib
0x00007fff769ab000 	/usr/lib/system/libsystem_network.dylib
0x00007fff76adc000 	/usr/lib/system/libsystem_networkextension.dylib
0x00007fff76ae7000 	/usr/lib/system/libsystem_notify.dylib
0x00007fff76b05000 	/usr/lib/system/libsystem_sandbox.dylib
0x00007fff76b09000 	/usr/lib/system/libsystem_secinit.dylib
0x00007fff76918000 	/usr/lib/system/libsystem_kernel.dylib
0x00007fff76af1000 	/usr/lib/system/libsystem_platform.dylib
0x00007fff76af9000 	/usr/lib/system/libsystem_pthread.dylib
0x00007fff76b0b000 	/usr/lib/system/libsystem_symptoms.dylib
0x00007fff76b13000 	/usr/lib/system/libsystem_trace.dylib
0x00007fff76b28000 	/usr/lib/system/libunwind.dylib
0x00007fff76b2e000 	/usr/lib/system/libxpc.dylib
0x00007fff73fcd000 	/usr/lib/closure/libclosured.dylib
0x00007fff7471d000 	/usr/lib/libbsm.0.dylib
0x00007fff76802000 	/usr/lib/system/libkxld.dylib
0x00007fff743cb000 	/usr/lib/libOpenScriptingUtil.dylib
0x00007fff74a8b000 	/usr/lib/libcoretls.dylib
0x00007fff74aa4000 	/usr/lib/libcoretls_cfhelpers.dylib
0x00007fff75fb7000 	/usr/lib/libpam.2.dylib
0x00007fff760de000 	/usr/lib/libsqlite3.dylib
0x00007fff764aa000 	/usr/lib/libxar.1.dylib
0x00007fff7472e000 	/usr/lib/libbz2.1.0.dylib
0x00007fff754dc000 	/usr/lib/liblzma.5.dylib
0x00007fff759bd000 	/usr/lib/libnetwork.dylib
0x00007fff7459c000 	/usr/lib/libapple_nghttp2.dylib
0x00007fff75fbe000 	/usr/lib/libpcap.A.dylib
0x00007fff74664000 	/usr/lib/libboringssl.dylib
0x00007fff76445000 	/usr/lib/libusrtcp.dylib
0x00007fff7459b000 	/usr/lib/libapple_crypto.dylib
0x00007fff4f94c000 	/System/Library/Frameworks/CoreServices.framework/Versions/A/Frameworks/FSEvents.framework/Versions/A/FSEvents
0x00007fff4f63f000 	/System/Library/Frameworks/CoreServices.framework/Versions/A/Frameworks/CarbonCore.framework/Versions/A/CarbonCore
0x00007fff4fb13000 	/System/Library/Frameworks/CoreServices.framework/Versions/A/Frameworks/Metadata.framework/Versions/A/Metadata
0x00007fff4fbc4000 	/System/Library/Frameworks/CoreServices.framework/Versions/A/Frameworks/OSServices.framework/Versions/A/OSServices
0x00007fff4fc25000 	/System/Library/Frameworks/CoreServices.framework/Versions/A/Frameworks/SearchKit.framework/Versions/A/SearchKit
0x00007fff4f5ca000 	/System/Library/Frameworks/CoreServices.framework/Versions/A/Frameworks/AE.framework/Versions/A/AE
0x00007fff4f955000 	/System/Library/Frameworks/CoreServices.framework/Versions/A/Frameworks/LaunchServices.framework/Versions/A/LaunchServices
0x00007fff4f917000 	/System/Library/Frameworks/CoreServices.framework/Versions/A/Frameworks/DictionaryServices.framework/Versions/A/DictionaryServices
0x00007fff4fc94000 	/System/Library/Frameworks/CoreServices.framework/Versions/A/Frameworks/SharedFileList.framework/Versions/A/SharedFileList
0x00007fff53e2b000 	/System/Library/Frameworks/NetFS.framework/Versions/A/NetFS
0x00007fff6a60c000 	/System/Library/PrivateFrameworks/NetAuth.framework/Versions/A/NetAuth
0x00007fff73e64000 	/System/Library/PrivateFrameworks/login.framework/Versions/A/Frameworks/loginsupport.framework/Versions/A/loginsupport
0x00007fff7223d000 	/System/Library/PrivateFrameworks/TCC.framework/Versions/A/TCC
0x00007fff755bd000 	/usr/lib/libmecabra.dylib
0x00007fff4c8ed000 	/System/Library/Frameworks/ApplicationServices.framework/Versions/A/Frameworks/ATS.framework/Versions/A/ATS
0x00007fff4cc9b000 	/System/Library/Frameworks/ApplicationServices.framework/Versions/A/Frameworks/ColorSyncLegacy.framework/Versions/A/ColorSyncLegacy
0x00007fff4cd3f000 	/System/Library/Frameworks/ApplicationServices.framework/Versions/A/Frameworks/HIServices.framework/Versions/A/HIServices
0x00007fff4cd92000 	/System/Library/Frameworks/ApplicationServices.framework/Versions/A/Frameworks/LangAnalysis.framework/Versions/A/LangAnalysis
0x00007fff4cda1000 	/System/Library/Frameworks/ApplicationServices.framework/Versions/A/Frameworks/PrintCore.framework/Versions/A/PrintCore
0x00007fff4cdee000 	/System/Library/Frameworks/ApplicationServices.framework/Versions/A/Frameworks/QD.framework/Versions/A/QD
0x00007fff4ce29000 	/System/Library/Frameworks/ApplicationServices.framework/Versions/A/Frameworks/SpeechSynthesis.framework/Versions/A/SpeechSynthesis
0x00007fff4e377000 	/System/Library/Frameworks/CoreDisplay.framework/Versions/A/CoreDisplay
0x00007fff4a9ef000 	/System/Library/Frameworks/Accelerate.framework/Versions/A/Frameworks/vImage.framework/Versions/A/vImage
0x00007fff4b749000 	/System/Library/Frameworks/Accelerate.framework/Versions/A/Frameworks/vecLib.framework/Versions/A/vecLib
0x00007fff4b4e9000 	/System/Library/Frameworks/Accelerate.framework/Versions/A/Frameworks/vecLib.framework/Versions/A/libvDSP.dylib
0x00007fff4b049000 	/System/Library/Frameworks/Accelerate.framework/Versions/A/Frameworks/vecLib.framework/Versions/A/libBNNS.dylib
0x00007fff4b44e000 	/System/Library/Frameworks/Accelerate.framework/Versions/A/Frameworks/vecLib.framework/Versions/A/libQuadrature.dylib
0x00007fff4b697000 	/System/Library/Frameworks/Accelerate.framework/Versions/A/Frameworks/vecLib.framework/Versions/A/libvMisc.dylib
0x00007fff4b078000 	/System/Library/Frameworks/Accelerate.framework/Versions/A/Frameworks/vecLib.framework/Versions/A/libLAPACK.dylib
0x00007fff4aeee000 	/System/Library/Frameworks/Accelerate.framework/Versions/A/Frameworks/vecLib.framework/Versions/A/libBLAS.dylib
0x00007fff4b438000 	/System/Library/Frameworks/Accelerate.framework/Versions/A/Frameworks/vecLib.framework/Versions/A/libLinearAlgebra.dylib
0x00007fff4b454000 	/System/Library/Frameworks/Accelerate.framework/Versions/A/Frameworks/vecLib.framework/Versions/A/libSparse.dylib
0x00007fff4b4d5000 	/System/Library/Frameworks/Accelerate.framework/Versions/A/Frameworks/vecLib.framework/Versions/A/libSparseBLAS.dylib
0x00007fff674aa000 	/System/Library/PrivateFrameworks/GPUWrangler.framework/Versions/A/GPUWrangler
0x00007fff68c27000 	/System/Library/PrivateFrameworks/IOAccelerator.framework/Versions/A/IOAccelerator
0x00007fff68c32000 	/System/Library/PrivateFrameworks/IOPresentment.framework/Versions/A/IOPresentment
0x00007fff62ce3000 	/System/Library/PrivateFrameworks/DSExternalDisplay.framework/Versions/A/DSExternalDisplay
0x00007fff57e22000 	/System/Library/Frameworks/OpenGL.framework/Versions/A/Libraries/libCoreFSCache.dylib
0x00007fff500aa000 	/System/Library/Frameworks/CoreVideo.framework/Versions/A/CoreVideo
0x00007fff68225000 	/System/Library/PrivateFrameworks/GraphVisualizer.framework/Versions/A/GraphVisualizer
0x00007fff52e2c000 	/System/Library/Frameworks/MetalPerformanceShaders.framework/Versions/A/MetalPerformanceShaders
0x00007fff741c9000 	/usr/lib/libFosl_dynamic.dylib
0x00007fff63db4000 	/System/Library/PrivateFrameworks/FaceCore.framework/Versions/A/FaceCore
0x00007fff56c29000 	/System/Library/Frameworks/OpenCL.framework/Versions/A/OpenCL
0x00007fff747ca000 	/usr/lib/libcompression.dylib
0x00007fff4c9ec000 	/System/Library/Frameworks/ApplicationServices.framework/Versions/A/Frameworks/ATS.framework/Versions/A/Resources/libFontParser.dylib
0x00007fff4cb0f000 	/System/Library/Frameworks/ApplicationServices.framework/Versions/A/Frameworks/ATS.framework/Versions/A/Resources/libFontRegistry.dylib
0x00007fff50fef000 	/System/Library/Frameworks/ImageIO.framework/Versions/A/Resources/libJPEG.dylib
0x00007fff51318000 	/System/Library/Frameworks/ImageIO.framework/Versions/A/Resources/libTIFF.dylib
0x00007fff512ee000 	/System/Library/Frameworks/ImageIO.framework/Versions/A/Resources/libPng.dylib
0x00007fff50f02000 	/System/Library/Frameworks/ImageIO.framework/Versions/A/Resources/libGIF.dylib
0x00007fff50f07000 	/System/Library/Frameworks/ImageIO.framework/Versions/A/Resources/libJP2.dylib
0x00007fff51315000 	/System/Library/Frameworks/ImageIO.framework/Versions/A/Resources/libRadiance.dylib
0x00007fff5e799000 	/System/Library/PrivateFrameworks/AppleJPEG.framework/Versions/A/AppleJPEG
0x00007fff52c93000 	/System/Library/Frameworks/MetalPerformanceShaders.framework/Frameworks/MPSCore.framework/Versions/A/MPSCore
0x00007fff52caf000 	/System/Library/Frameworks/MetalPerformanceShaders.framework/Frameworks/MPSImage.framework/Versions/A/MPSImage
0x00007fff52d44000 	/System/Library/Frameworks/MetalPerformanceShaders.framework/Frameworks/MPSNeuralNetwork.framework/Versions/A/MPSNeuralNetwork
0x00007fff52d1f000 	/System/Library/Frameworks/MetalPerformanceShaders.framework/Frameworks/MPSMatrix.framework/Versions/A/MPSMatrix
0x00007fff6a0f5000 	/System/Library/PrivateFrameworks/MetalTools.framework/Versions/A/MetalTools
0x00007fff57fec000 	/System/Library/Frameworks/OpenGL.framework/Versions/A/Libraries/libGLU.dylib
0x00007fff57e2d000 	/System/Library/Frameworks/OpenGL.framework/Versions/A/Libraries/libGFXShared.dylib
0x00007fff57e37000 	/System/Library/Frameworks/OpenGL.framework/Versions/A/Libraries/libGL.dylib
0x00007fff57e43000 	/System/Library/Frameworks/OpenGL.framework/Versions/A/Libraries/libGLImage.dylib
0x00007fff57e1f000 	/System/Library/Frameworks/OpenGL.framework/Versions/A/Libraries/libCVMSPluginSupport.dylib
0x00007fff57e28000 	/System/Library/Frameworks/OpenGL.framework/Versions/A/Libraries/libCoreVMClient.dylib
0x00007fff74f76000 	/usr/lib/libcups.2.dylib
0x00007fff52202000 	/System/Library/Frameworks/Kerberos.framework/Versions/A/Kerberos
0x00007fff509e7000 	/System/Library/Frameworks/GSS.framework/Versions/A/GSS
0x00007fff76071000 	/usr/lib/libresolv.9.dylib
0x00007fff75174000 	/usr/lib/libiconv.2.dylib
0x00007fff682b7000 	/System/Library/PrivateFrameworks/Heimdal.framework/Versions/A/Heimdal
0x00007fff75143000 	/usr/lib/libheimdal-asn1.dylib
0x00007fff56c95000 	/System/Library/Frameworks/OpenDirectory.framework/Versions/A/OpenDirectory
0x00007fff60aa9000 	/System/Library/PrivateFrameworks/CommonAuth.framework/Versions/A/CommonAuth
0x00007fff56c78000 	/System/Library/Frameworks/OpenDirectory.framework/Versions/A/Frameworks/CFOpenDirectory.framework/Versions/A/CFOpenDirectory
0x00007fff5a5a8000 	/System/Library/Frameworks/SecurityFoundation.framework/Versions/A/SecurityFoundation
0x00007fff5d970000 	/System/Library/PrivateFrameworks/APFS.framework/Versions/A/APFS
0x00007fff764a6000 	/usr/lib/libutil.dylib
0x00007fff5e81c000 	/System/Library/PrivateFrameworks/AppleSauce.framework/Versions/A/AppleSauce
0x00007fff6940f000 	/System/Library/PrivateFrameworks/LinguisticData.framework/Versions/A/LinguisticData
0x00007fff754f6000 	/usr/lib/libmarisa.dylib
0x00007fff693c9000 	/System/Library/PrivateFrameworks/Lexicon.framework/Versions/A/Lexicon
0x00007fff740f4000 	/usr/lib/libChineseTokenizer.dylib
0x00007fff747b9000 	/usr/lib/libcmph.dylib
0x00007fff692d3000 	/System/Library/PrivateFrameworks/LanguageModeling.framework/Versions/A/LanguageModeling
0x00007fff615b5000 	/System/Library/PrivateFrameworks/CoreEmoji.framework/Versions/A/CoreEmoji
0x00007fff5a666000 	/System/Library/Frameworks/ServiceManagement.framework/Versions/A/ServiceManagement
0x00007fff5f064000 	/System/Library/PrivateFrameworks/BackgroundTaskManagement.framework/Versions/A/BackgroundTaskManagement
0x00007fff765a3000 	/usr/lib/libxslt.1.dylib
0x00007fff4daab000 	/System/Library/Frameworks/Carbon.framework/Versions/A/Frameworks/Ink.framework/Versions/A/Ink
0x00007fff72452000 	/System/Library/PrivateFrameworks/TextureIO.framework/Versions/A/TextureIO
0x00007fff745de000 	/usr/lib/libate.dylib
0x00007fff62c43000 	/System/Library/PrivateFrameworks/CrashReporterSupport.framework/Versions/A/CrashReporterSupport
0x00007fff6f7ab000 	/System/Library/PrivateFrameworks/Sharing.framework/Versions/A/Sharing
0x00007fff69015000 	/System/Library/PrivateFrameworks/IconServices.framework/Versions/A/IconServices
0x00007fff5e61e000 	/System/Library/PrivateFrameworks/Apple80211.framework/Versions/A/Apple80211
0x00007fff62a59000 	/System/Library/PrivateFrameworks/CoreUtils.framework/Versions/A/CoreUtils
0x00007fff500e5000 	/System/Library/Frameworks/CoreWLAN.framework/Versions/A/CoreWLAN
0x00007fff50b29000 	/System/Library/Frameworks/IOBluetooth.framework/Versions/A/IOBluetooth
0x00007fff6dc77000 	/System/Library/PrivateFrameworks/ProtocolBuffer.framework/Versions/A/ProtocolBuffer
0x00007fff62bde000 	/System/Library/PrivateFrameworks/CoreWiFi.framework/Versions/A/CoreWiFi
0x00007fff4dff6000 	/System/Library/Frameworks/CoreBluetooth.framework/Versions/A/CoreBluetooth
0x00007fff62e2d000 	/System/Library/PrivateFrameworks/DebugSymbols.framework/Versions/A/DebugSymbols
0x00007fff62810000 	/System/Library/PrivateFrameworks/CoreSymbolication.framework/Versions/A/CoreSymbolication
0x00007fff71c44000 	/System/Library/PrivateFrameworks/Symbolication.framework/Versions/A/Symbolication
0x00007fff5e648000 	/System/Library/PrivateFrameworks/AppleFSCompression.framework/Versions/A/AppleFSCompression
0x00007fff71093000 	/System/Library/PrivateFrameworks/SpeechRecognitionCore.framework/Versions/A/SpeechRecognitionCore
0x00007fff469db000 	/System/Library/CoreServices/Encodings/libSimplifiedChineseConverter.dylib
0x0000000107600000 	/Library/Java/JavaVirtualMachines/jdk1.8.0_201.jdk/Contents/Home/jre/lib/server/libjvm.dylib
0x00007fff76373000 	/usr/lib/libstdc++.6.0.9.dylib
0x00000001065e4000 	/Library/Java/JavaVirtualMachines/jdk1.8.0_201.jdk/Contents/Home/jre/lib/libverify.dylib
0x00000001085b9000 	/Library/Java/JavaVirtualMachines/jdk1.8.0_201.jdk/Contents/Home/jre/lib/libjava.dylib
0x00000001085ef000 	/Library/Java/JavaVirtualMachines/jdk1.8.0_201.jdk/Contents/Home/jre/lib/libjdwp.dylib
0x00000001065f3000 	/Library/Java/JavaVirtualMachines/jdk1.8.0_201.jdk/Contents/Home/jre/lib/libnpt.dylib
0x000000010863a000 	/Library/Java/JavaVirtualMachines/jdk1.8.0_201.jdk/Contents/Home/jre/lib/libinstrument.dylib
0x00000001086d6000 	/Library/Java/JavaVirtualMachines/jdk1.8.0_201.jdk/Contents/Home/jre/lib/libzip.dylib
0x000000010a06a000 	/Library/Java/JavaVirtualMachines/jdk1.8.0_201.jdk/Contents/Home/jre/lib/libdt_socket.dylib
0x00000001256b9000 	/Library/Java/JavaVirtualMachines/jdk1.8.0_201.jdk/Contents/Home/jre/lib/libnet.dylib
0x0000000125718000 	/Library/Java/JavaVirtualMachines/jdk1.8.0_201.jdk/Contents/Home/jre/lib/libmanagement.dylib
0x0000000125726000 	/Library/Java/JavaVirtualMachines/jdk1.8.0_201.jdk/Contents/Home/jre/lib/libnio.dylib
0x00000001269f5000 	/Library/Java/JavaVirtualMachines/jdk1.8.0_201.jdk/Contents/Home/jre/lib/libsunec.dylib

VM Arguments:
jvm_args: -agentlib:jdwp=transport=dt_socket,address=127.0.0.1:55116,suspend=y,server=n -XX:TieredStopAtLevel=1 -Xverify:none -Dspring.output.ansi.enabled=always -Dcom.sun.management.jmxremote -Dspring.liveBeansView.mbeanDomain -Dspring.application.admin.enabled=true -javaagent:/Users/mac/Library/Caches/IntelliJIdea2018.3/captureAgent/debugger-agent.jar -Dfile.encoding=UTF-8 
java_command: cn.xiejx.jfun.JfunApplication
java_class_path (initial): /Library/Java/JavaVirtualMachines/jdk1.8.0_201.jdk/Contents/Home/jre/lib/charsets.jar:/Library/Java/JavaVirtualMachines/jdk1.8.0_201.jdk/Contents/Home/jre/lib/deploy.jar:/Library/Java/JavaVirtualMachines/jdk1.8.0_201.jdk/Contents/Home/jre/lib/ext/cldrdata.jar:/Library/Java/JavaVirtualMachines/jdk1.8.0_201.jdk/Contents/Home/jre/lib/ext/dnsns.jar:/Library/Java/JavaVirtualMachines/jdk1.8.0_201.jdk/Contents/Home/jre/lib/ext/jaccess.jar:/Library/Java/JavaVirtualMachines/jdk1.8.0_201.jdk/Contents/Home/jre/lib/ext/jfxrt.jar:/Library/Java/JavaVirtualMachines/jdk1.8.0_201.jdk/Contents/Home/jre/lib/ext/localedata.jar:/Library/Java/JavaVirtualMachines/jdk1.8.0_201.jdk/Contents/Home/jre/lib/ext/nashorn.jar:/Library/Java/JavaVirtualMachines/jdk1.8.0_201.jdk/Contents/Home/jre/lib/ext/sunec.jar:/Library/Java/JavaVirtualMachines/jdk1.8.0_201.jdk/Contents/Home/jre/lib/ext/sunjce_provider.jar:/Library/Java/JavaVirtualMachines/jdk1.8.0_201.jdk/Contents/Home/jre/lib/ext/sunpkcs11.jar:/Library/Java/JavaVirtualMachines/jdk1.8.0_201.jdk/Contents/Home/jre/lib/ext/zipfs.jar:/Library/Java/JavaVirtualMachines/jdk1.8.0_201.jdk/Contents/Home/jre/lib/javaws.jar:/Library/Java/JavaVirtualMachines/jdk1.8.0_201.jdk/Contents/Home/jre/lib/jce.jar:/Library/Java/JavaVirtualMachines/jdk1.8.0_201.jdk/Contents/Home/jre/lib/jfr.jar:/Library/Java/JavaVirtualMachines/jdk1.8.0_201.jdk/Contents/Home/jre/lib/jfxswt.jar:/Library/Java/JavaVirtualMachines/jdk1.8.0_201.jdk/Contents/Home/jre/lib/jsse.jar:/Library/Java/JavaVirtualMachines/jdk1.8.0_201.jdk/Contents/Home/jre/lib/management-agent.jar:/Library/Java/JavaVirtualMachines/jdk1.8.0_201.jdk/Contents/Home/jre/lib/plugin.jar:/Library/Java/JavaVirtualMachines/jdk1.8.0_201.jdk/Contents/Home/jre/lib/resources.jar:/Library/Java/JavaVirtualMachines/jdk1.8.0_201.jdk/Contents/Home/jre/lib/rt.jar:/Library/Java/JavaVirtualMachines/jdk1.8.0_201.jdk/Contents/Home/lib/ant-javafx.jar:/Library/Java/JavaVirtualMachines/jdk1.8.0_201.jdk/Contents/Home
Launcher Type: SUN_STANDARD

Environment Variables:
JAVA_HOME=/Library/Java/JavaVirtualMachines/jdk1.8.0_201.jdk/Contents/Home
PATH=./usr/local/bin:/usr/bin:/bin:/usr/sbin:/sbin:/Applications/VMware Fusion.app/Contents/Public:/Library/Java/JavaVirtualMachines/jdk1.8.0_201.jdk/Contents/Home/bin:/usr/local/bin
SHELL=/bin/bash

Signal Handlers:
SIGSEGV: [libjvm.dylib+0x5b723d], sa_mask[0]=11111111011111110111111111111111, sa_flags=SA_ONSTACK|SA_RESTART|SA_SIGINFO
SIGBUS: [libjvm.dylib+0x5b723d], sa_mask[0]=11111111011111110111111111111111, sa_flags=SA_RESTART|SA_SIGINFO
SIGFPE: [libjvm.dylib+0x48c9bc], sa_mask[0]=11111111011111110111111111111111, sa_flags=SA_RESTART|SA_SIGINFO
SIGPIPE: [libjvm.dylib+0x48c9bc], sa_mask[0]=11111111011111110111111111111111, sa_flags=SA_RESTART|SA_SIGINFO
SIGXFSZ: [libjvm.dylib+0x48c9bc], sa_mask[0]=11111111011111110111111111111111, sa_flags=SA_RESTART|SA_SIGINFO
SIGILL: [libjvm.dylib+0x48c9bc], sa_mask[0]=11111111011111110111111111111111, sa_flags=SA_RESTART|SA_SIGINFO
SIGUSR1: SIG_DFL, sa_mask[0]=00000000000000000000000000000000, sa_flags=none
SIGUSR2: [libjvm.dylib+0x48c4da], sa_mask[0]=00100000000000000000000000000000, sa_flags=SA_RESTART|SA_SIGINFO
SIGHUP: [libjvm.dylib+0x48aa65], sa_mask[0]=11111111011111110111111111111111, sa_flags=SA_RESTART|SA_SIGINFO
SIGINT: [libjvm.dylib+0x48aa65], sa_mask[0]=11111111011111110111111111111111, sa_flags=SA_RESTART|SA_SIGINFO
SIGTERM: [libjvm.dylib+0x48aa65], sa_mask[0]=11111111011111110111111111111111, sa_flags=SA_RESTART|SA_SIGINFO
SIGQUIT: [libjvm.dylib+0x48aa65], sa_mask[0]=11111111011111110111111111111111, sa_flags=SA_RESTART|SA_SIGINFO


---------------  S Y S T E M  ---------------

OS:Bsduname:Darwin 17.5.0 Darwin Kernel Version 17.5.0: Mon Mar  5 22:24:32 PST 2018; root:xnu-4570.51.1~1/RELEASE_X86_64 x86_64
rlimit: STACK 8192k, CORE 0k, NPROC 1418, NOFILE 10240, AS infinity
load average:3.20 4.01 3.39

CPU:total 8 (initial active 8) (4 cores per cpu, 2 threads per core) family 6 model 70 stepping 1, cmov, cx8, fxsr, mmx, sse, sse2, sse3, ssse3, sse4.1, sse4.2, popcnt, avx, avx2, aes, clmul, erms, lzcnt, ht, tsc, tscinvbit, bmi1, bmi2

Memory: 4k page, physical 16777216k(1056548k free)

/proc/meminfo:


vm_info: Java HotSpot(TM) 64-Bit Server VM (25.201-b09) for bsd-amd64 JRE (1.8.0_201-b09), built on Dec 15 2018 18:35:23 by "java_re" with gcc 4.2.1 (Based on Apple Inc. build 5658) (LLVM build 2336.11.00)

time: Mon Mar 25 21:18:57 2019
timezone: CST
elapsed time: 18797 seconds (0d 5h 13m 17s)

